c:\users\mezory\source\repos\snailgame\snailgame\release\vc142.pdb
c:\users\mezory\source\repos\snailgame\snailgame\release\snakemain.obj
c:\users\mezory\source\repos\snailgame\snailgame\release\snake.obj
c:\users\mezory\source\repos\snailgame\snailgame\release\map.obj
c:\users\mezory\source\repos\snailgame\snailgame\release\game.obj
c:\users\mezory\source\repos\snailgame\snailgame\release\fruit.obj
c:\users\mezory\source\repos\snailgame\release\snakegame.exe
c:\users\mezory\source\repos\snailgame\snailgame\release\snakegame.ipdb
c:\users\mezory\source\repos\snailgame\snailgame\release\snakegame.iobj
c:\users\mezory\source\repos\snailgame\release\snakegame.pdb
c:\users\mezory\source\repos\snakegame\snakegame\release\fruit.obj
c:\users\mezory\source\repos\snakegame\snakegame\release\game.obj
c:\users\mezory\source\repos\snakegame\snakegame\release\map.obj
c:\users\mezory\source\repos\snakegame\snakegame\release\snake.obj
c:\users\mezory\source\repos\snakegame\snakegame\release\snakemain.obj
c:\users\mezory\source\repos\snakegame\snakegame\release\snakegame.ipdb
c:\users\mezory\source\repos\snakegame\snakegame\release\snakegame.iobj
c:\users\mezory\source\repos\snakegame\snakegame\release\vc142.pdb
c:\users\mezory\source\repos\snakegame\release\snakegame.pdb
c:\users\mezory\source\repos\snakegame\release\snakegame.exe
c:\users\mezory\source\repos\snakegame\snakegame\release\snakegame.tlog\cl.command.1.tlog
c:\users\mezory\source\repos\snakegame\snakegame\release\snakegame.tlog\cl.read.1.tlog
c:\users\mezory\source\repos\snakegame\snakegame\release\snakegame.tlog\cl.write.1.tlog
c:\users\mezory\source\repos\snakegame\snakegame\release\snakegame.tlog\link.command.1.tlog
c:\users\mezory\source\repos\snakegame\snakegame\release\snakegame.tlog\link.read.1.tlog
c:\users\mezory\source\repos\snakegame\snakegame\release\snakegame.tlog\link.write.1.tlog
